ERROR - 2026-07-05 12:41:00 --> Unknown column 'status_aktif' in 'field list'
in SYSTEMPATH\Database\MySQLi\Connection.php on line 300.
 1 SYSTEMPATH\Database\MySQLi\Connection.php(300): mysqli->query('INSERT INTO `c_user_pegawai` (`created_at`, `group_id`, `id_user_pegawai`, `nama_user`, `password`, `status`, `status_aktif`, `username`)
VALUES (\'2026-07-05 12:41:00\',1,1,\'Super Administrator\',\'$2y$12$6ft8FVCkyX9KxW2pjnNnkeOUcjsdv.5xosySUq0CnOb7RmXLspOWm\',\'1\',\'1\',\'superadmin\'), (\'2026-07-05 12:41:00\',2,2,\'Staff Sekretariat\',\'$2y$12$6ft8FVCkyX9KxW2pjnNnkeOUcjsdv.5xosySUq0CnOb7RmXLspOWm\',\'1\',\'1\',\'sekretariat\'), (\'2026-07-05 12:41:00\',3,3,\'Kepala Bidang E-Gov\',\'$2y$12$6ft8FVCkyX9KxW2pjnNnkeOUcjsdv.5xosySUq0CnOb7RmXLspOWm\',\'1\',\'1\',\'kabid\')', 0)
 2 SYSTEMPATH\Database\BaseConnection.php(908): CodeIgniter\Database\MySQLi\Connection->execute('INSERT INTO `c_user_pegawai` (`created_at`, `group_id`, `id_user_pegawai`, `nama_user`, `password`, `status`, `status_aktif`, `username`)
VALUES (\'2026-07-05 12:41:00\',1,1,\'Super Administrator\',\'$2y$12$6ft8FVCkyX9KxW2pjnNnkeOUcjsdv.5xosySUq0CnOb7RmXLspOWm\',\'1\',\'1\',\'superadmin\'), (\'2026-07-05 12:41:00\',2,2,\'Staff Sekretariat\',\'$2y$12$6ft8FVCkyX9KxW2pjnNnkeOUcjsdv.5xosySUq0CnOb7RmXLspOWm\',\'1\',\'1\',\'sekretariat\'), (\'2026-07-05 12:41:00\',3,3,\'Kepala Bidang E-Gov\',\'$2y$12$6ft8FVCkyX9KxW2pjnNnkeOUcjsdv.5xosySUq0CnOb7RmXLspOWm\',\'1\',\'1\',\'kabid\')')
 3 SYSTEMPATH\Database\BaseConnection.php(825): CodeIgniter\Database\BaseConnection->simpleQuery('INSERT INTO `c_user_pegawai` (`created_at`, `group_id`, `id_user_pegawai`, `nama_user`, `password`, `status`, `status_aktif`, `username`)
VALUES (\'2026-07-05 12:41:00\',1,1,\'Super Administrator\',\'$2y$12$6ft8FVCkyX9KxW2pjnNnkeOUcjsdv.5xosySUq0CnOb7RmXLspOWm\',\'1\',\'1\',\'superadmin\'), (\'2026-07-05 12:41:00\',2,2,\'Staff Sekretariat\',\'$2y$12$6ft8FVCkyX9KxW2pjnNnkeOUcjsdv.5xosySUq0CnOb7RmXLspOWm\',\'1\',\'1\',\'sekretariat\'), (\'2026-07-05 12:41:00\',3,3,\'Kepala Bidang E-Gov\',\'$2y$12$6ft8FVCkyX9KxW2pjnNnkeOUcjsdv.5xosySUq0CnOb7RmXLspOWm\',\'1\',\'1\',\'kabid\')')
 4 SYSTEMPATH\Database\BaseBuilder.php(1839): CodeIgniter\Database\BaseConnection->query('INSERT INTO `c_user_pegawai` (`created_at`, `group_id`, `id_user_pegawai`, `nama_user`, `password`, `status`, `status_aktif`, `username`)
VALUES (\'2026-07-05 12:41:00\',1,1,\'Super Administrator\',\'$2y$12$6ft8FVCkyX9KxW2pjnNnkeOUcjsdv.5xosySUq0CnOb7RmXLspOWm\',\'1\',\'1\',\'superadmin\'), (\'2026-07-05 12:41:00\',2,2,\'Staff Sekretariat\',\'$2y$12$6ft8FVCkyX9KxW2pjnNnkeOUcjsdv.5xosySUq0CnOb7RmXLspOWm\',\'1\',\'1\',\'sekretariat\'), (\'2026-07-05 12:41:00\',3,3,\'Kepala Bidang E-Gov\',\'$2y$12$6ft8FVCkyX9KxW2pjnNnkeOUcjsdv.5xosySUq0CnOb7RmXLspOWm\',\'1\',\'1\',\'kabid\')', null, false)
 5 SYSTEMPATH\Database\BaseBuilder.php(2228): CodeIgniter\Database\BaseBuilder->batchExecute('_insertBatch', 100)
 6 APPPATH\Database\Migrations\2026-07-05-120000_CreateAllTables.php(839): CodeIgniter\Database\BaseBuilder->insertBatch([...])
 7 SYSTEMPATH\Database\MigrationRunner.php(1014): App\Database\Migrations\CreateAllTables->up()
 8 SYSTEMPATH\Database\MigrationRunner.php(202): CodeIgniter\Database\MigrationRunner->migrate('up', Object(stdClass))
 9 SYSTEMPATH\Commands\Database\Migrate.php(89): CodeIgniter\Database\MigrationRunner->latest(null)
10 SYSTEMPATH\CLI\SignalTrait.php(245): CodeIgniter\Commands\Database\Migrate::{closure:CodeIgniter\Commands\Database\Migrate::run():88}()
11 SYSTEMPATH\Commands\Database\Migrate.php(88): CodeIgniter\Commands\Database\Migrate->withSignalsBlocked(Object(Closure))
12 SYSTEMPATH\CLI\Commands.php(72): CodeIgniter\Commands\Database\Migrate->run([])
13 SYSTEMPATH\CLI\Console.php(47): CodeIgniter\CLI\Commands->run('migrate', [])
14 SYSTEMPATH\Boot.php(442): CodeIgniter\CLI\Console->run()
15 SYSTEMPATH\Boot.php(166): CodeIgniter\Boot::runCommand(Object(CodeIgniter\CLI\Console))
16 ROOTPATH\spark(87): CodeIgniter\Boot::bootSpark(Object(Config\Paths))
ERROR - 2026-07-05 12:44:26 --> Duplicate entry '1' for key 'PRIMARY'
in SYSTEMPATH\Database\MySQLi\Connection.php on line 300.
 1 SYSTEMPATH\Database\MySQLi\Connection.php(300): mysqli->query('INSERT INTO `user_groups` (`created_at`, `group`, `id`, `status`)
VALUES (\'2026-07-05 12:44:26\',\'Superadmin\',1,\'1\'), (\'2026-07-05 12:44:26\',\'Bidang Seketariat\',2,\'1\'), (\'2026-07-05 12:44:26\',\'Bidang E-Gov\',3,\'1\')', 0)
 2 SYSTEMPATH\Database\BaseConnection.php(908): CodeIgniter\Database\MySQLi\Connection->execute('INSERT INTO `user_groups` (`created_at`, `group`, `id`, `status`)
VALUES (\'2026-07-05 12:44:26\',\'Superadmin\',1,\'1\'), (\'2026-07-05 12:44:26\',\'Bidang Seketariat\',2,\'1\'), (\'2026-07-05 12:44:26\',\'Bidang E-Gov\',3,\'1\')')
 3 SYSTEMPATH\Database\BaseConnection.php(825): CodeIgniter\Database\BaseConnection->simpleQuery('INSERT INTO `user_groups` (`created_at`, `group`, `id`, `status`)
VALUES (\'2026-07-05 12:44:26\',\'Superadmin\',1,\'1\'), (\'2026-07-05 12:44:26\',\'Bidang Seketariat\',2,\'1\'), (\'2026-07-05 12:44:26\',\'Bidang E-Gov\',3,\'1\')')
 4 SYSTEMPATH\Database\BaseBuilder.php(1839): CodeIgniter\Database\BaseConnection->query('INSERT INTO `user_groups` (`created_at`, `group`, `id`, `status`)
VALUES (\'2026-07-05 12:44:26\',\'Superadmin\',1,\'1\'), (\'2026-07-05 12:44:26\',\'Bidang Seketariat\',2,\'1\'), (\'2026-07-05 12:44:26\',\'Bidang E-Gov\',3,\'1\')', null, false)
 5 SYSTEMPATH\Database\BaseBuilder.php(2228): CodeIgniter\Database\BaseBuilder->batchExecute('_insertBatch', 100)
 6 APPPATH\Database\Migrations\2026-07-05-120000_CreateAllTables.php(815): CodeIgniter\Database\BaseBuilder->insertBatch([...])
 7 SYSTEMPATH\Database\MigrationRunner.php(1014): App\Database\Migrations\CreateAllTables->up()
 8 SYSTEMPATH\Database\MigrationRunner.php(202): CodeIgniter\Database\MigrationRunner->migrate('up', Object(stdClass))
 9 SYSTEMPATH\Commands\Database\Migrate.php(89): CodeIgniter\Database\MigrationRunner->latest(null)
10 SYSTEMPATH\CLI\SignalTrait.php(245): CodeIgniter\Commands\Database\Migrate::{closure:CodeIgniter\Commands\Database\Migrate::run():88}()
11 SYSTEMPATH\Commands\Database\Migrate.php(88): CodeIgniter\Commands\Database\Migrate->withSignalsBlocked(Object(Closure))
12 SYSTEMPATH\CLI\Commands.php(72): CodeIgniter\Commands\Database\Migrate->run([...])
13 SYSTEMPATH\CLI\BaseCommand.php(119): CodeIgniter\CLI\Commands->run('migrate', [...])
14 SYSTEMPATH\Commands\Database\MigrateRefresh.php(91): CodeIgniter\CLI\BaseCommand->call('migrate', [...])
15 SYSTEMPATH\CLI\SignalTrait.php(245): CodeIgniter\Commands\Database\MigrateRefresh->{closure:CodeIgniter\Commands\Database\MigrateRefresh::run():89}()
16 SYSTEMPATH\Commands\Database\MigrateRefresh.php(89): CodeIgniter\Commands\Database\MigrateRefresh->withSignalsBlocked(Object(Closure))
17 SYSTEMPATH\CLI\Commands.php(72): CodeIgniter\Commands\Database\MigrateRefresh->run([...])
18 SYSTEMPATH\CLI\Console.php(47): CodeIgniter\CLI\Commands->run('migrate:refresh', [])
19 SYSTEMPATH\Boot.php(442): CodeIgniter\CLI\Console->run()
20 SYSTEMPATH\Boot.php(166): CodeIgniter\Boot::runCommand(Object(CodeIgniter\CLI\Console))
21 ROOTPATH\spark(87): CodeIgniter\Boot::bootSpark(Object(Config\Paths))
ERROR - 2026-07-05 12:51:36 --> Unknown column 'status_aktif' in 'field list'
in SYSTEMPATH\Database\MySQLi\Connection.php on line 300.
 1 SYSTEMPATH\Database\MySQLi\Connection.php(300): mysqli->query('INSERT IGNORE INTO `c_user_pegawai` (`created_at`, `group_id`, `id_user_pegawai`, `nama_user`, `password`, `status`, `status_aktif`, `username`)
VALUES (\'2026-07-05 12:51:36\',1,1,\'Super Administrator\',\'$2y$12$mJmCXNdx7dMUj14HXOAuG.BKzfQeQgLeceMQ19vxKHiPLispl/4Fu\',\'1\',\'1\',\'superadmin\'), (\'2026-07-05 12:51:36\',2,2,\'Staff Sekretariat\',\'$2y$12$mJmCXNdx7dMUj14HXOAuG.BKzfQeQgLeceMQ19vxKHiPLispl/4Fu\',\'1\',\'1\',\'sekretariat\'), (\'2026-07-05 12:51:36\',3,3,\'Kepala Bidang E-Gov\',\'$2y$12$mJmCXNdx7dMUj14HXOAuG.BKzfQeQgLeceMQ19vxKHiPLispl/4Fu\',\'1\',\'1\',\'kabid\')', 0)
 2 SYSTEMPATH\Database\BaseConnection.php(908): CodeIgniter\Database\MySQLi\Connection->execute('INSERT IGNORE INTO `c_user_pegawai` (`created_at`, `group_id`, `id_user_pegawai`, `nama_user`, `password`, `status`, `status_aktif`, `username`)
VALUES (\'2026-07-05 12:51:36\',1,1,\'Super Administrator\',\'$2y$12$mJmCXNdx7dMUj14HXOAuG.BKzfQeQgLeceMQ19vxKHiPLispl/4Fu\',\'1\',\'1\',\'superadmin\'), (\'2026-07-05 12:51:36\',2,2,\'Staff Sekretariat\',\'$2y$12$mJmCXNdx7dMUj14HXOAuG.BKzfQeQgLeceMQ19vxKHiPLispl/4Fu\',\'1\',\'1\',\'sekretariat\'), (\'2026-07-05 12:51:36\',3,3,\'Kepala Bidang E-Gov\',\'$2y$12$mJmCXNdx7dMUj14HXOAuG.BKzfQeQgLeceMQ19vxKHiPLispl/4Fu\',\'1\',\'1\',\'kabid\')')
 3 SYSTEMPATH\Database\BaseConnection.php(825): CodeIgniter\Database\BaseConnection->simpleQuery('INSERT IGNORE INTO `c_user_pegawai` (`created_at`, `group_id`, `id_user_pegawai`, `nama_user`, `password`, `status`, `status_aktif`, `username`)
VALUES (\'2026-07-05 12:51:36\',1,1,\'Super Administrator\',\'$2y$12$mJmCXNdx7dMUj14HXOAuG.BKzfQeQgLeceMQ19vxKHiPLispl/4Fu\',\'1\',\'1\',\'superadmin\'), (\'2026-07-05 12:51:36\',2,2,\'Staff Sekretariat\',\'$2y$12$mJmCXNdx7dMUj14HXOAuG.BKzfQeQgLeceMQ19vxKHiPLispl/4Fu\',\'1\',\'1\',\'sekretariat\'), (\'2026-07-05 12:51:36\',3,3,\'Kepala Bidang E-Gov\',\'$2y$12$mJmCXNdx7dMUj14HXOAuG.BKzfQeQgLeceMQ19vxKHiPLispl/4Fu\',\'1\',\'1\',\'kabid\')')
 4 SYSTEMPATH\Database\BaseBuilder.php(1839): CodeIgniter\Database\BaseConnection->query('INSERT IGNORE INTO `c_user_pegawai` (`created_at`, `group_id`, `id_user_pegawai`, `nama_user`, `password`, `status`, `status_aktif`, `username`)
VALUES (\'2026-07-05 12:51:36\',1,1,\'Super Administrator\',\'$2y$12$mJmCXNdx7dMUj14HXOAuG.BKzfQeQgLeceMQ19vxKHiPLispl/4Fu\',\'1\',\'1\',\'superadmin\'), (\'2026-07-05 12:51:36\',2,2,\'Staff Sekretariat\',\'$2y$12$mJmCXNdx7dMUj14HXOAuG.BKzfQeQgLeceMQ19vxKHiPLispl/4Fu\',\'1\',\'1\',\'sekretariat\'), (\'2026-07-05 12:51:36\',3,3,\'Kepala Bidang E-Gov\',\'$2y$12$mJmCXNdx7dMUj14HXOAuG.BKzfQeQgLeceMQ19vxKHiPLispl/4Fu\',\'1\',\'1\',\'kabid\')', null, false)
 5 SYSTEMPATH\Database\BaseBuilder.php(2228): CodeIgniter\Database\BaseBuilder->batchExecute('_insertBatch', 100)
 6 APPPATH\Database\Migrations\2026-07-05-120000_CreateAllTables.php(839): CodeIgniter\Database\BaseBuilder->insertBatch([...])
 7 SYSTEMPATH\Database\MigrationRunner.php(1014): App\Database\Migrations\CreateAllTables->up()
 8 SYSTEMPATH\Database\MigrationRunner.php(202): CodeIgniter\Database\MigrationRunner->migrate('up', Object(stdClass))
 9 SYSTEMPATH\Commands\Database\Migrate.php(89): CodeIgniter\Database\MigrationRunner->latest(null)
10 SYSTEMPATH\CLI\SignalTrait.php(245): CodeIgniter\Commands\Database\Migrate::{closure:CodeIgniter\Commands\Database\Migrate::run():88}()
11 SYSTEMPATH\Commands\Database\Migrate.php(88): CodeIgniter\Commands\Database\Migrate->withSignalsBlocked(Object(Closure))
12 SYSTEMPATH\CLI\Commands.php(72): CodeIgniter\Commands\Database\Migrate->run([])
13 SYSTEMPATH\CLI\Console.php(47): CodeIgniter\CLI\Commands->run('migrate', [])
14 SYSTEMPATH\Boot.php(442): CodeIgniter\CLI\Console->run()
15 SYSTEMPATH\Boot.php(166): CodeIgniter\Boot::runCommand(Object(CodeIgniter\CLI\Console))
16 ROOTPATH\spark(87): CodeIgniter\Boot::bootSpark(Object(Config\Paths))
